<?xml version="1.0" encoding="UTF-8"?>
<!-- Generated by org.testng.reporters.JUnitReportReporter -->
<testsuite hostname="Pawan" failures="0" tests="1" name="com.qa.test.LoginTest" time="0.013" errors="0" timestamp="2022-10-14T21:58:06 IST" skipped="0">
  <testcase classname="com.qa.test.LoginTest" name="test1" time="0.013"/>
  <system-out/>
</testsuite> <!-- com.qa.test.LoginTest -->
